<?xml version="1.0" encoding="UTF-8"?>
<testsuite name="com.alkomis.shop.controller.ProductControllerTest" tests="11" skipped="0" failures="0" errors="0" timestamp="2022-03-15T07:41:22" hostname="DESKTOP-OUNUL9B" time="0.756">
  <properties/>
  <testcase name="updateProductById_updateProduct_statusOk()" classname="com.alkomis.shop.controller.ProductControllerTest" time="0.391"/>
  <testcase name="updateProductById_cantFindProductForUpdate_throwsExceptionAndReturn404()" classname="com.alkomis.shop.controller.ProductControllerTest" time="0.078"/>
  <testcase name="updateProductById_validationFailed_throwsExceptionAndReturn400()" classname="com.alkomis.shop.controller.ProductControllerTest" time="0.083"/>
  <testcase name="addNewProduct_validationFailed_throwsExceptionAndStatus400()" classname="com.alkomis.shop.controller.ProductControllerTest" time="0.027"/>
  <testcase name="addNewProduct_saveAndReturnNewProduct_savedProductAndStatusOk()" classname="com.alkomis.shop.controller.ProductControllerTest" time="0.027"/>
  <testcase name="getProductById_cantFindSpecificProductById_throwsExceptionAndReturn404()" classname="com.alkomis.shop.controller.ProductControllerTest" time="0.011"/>
  <testcase name="getAllProducts_listOfProductsIsEmpty_throwsExceptionAndReturns404()" classname="com.alkomis.shop.controller.ProductControllerTest" time="0.012"/>
  <testcase name="deleteProductById_cantFindProductForDeleting_throwsExceptionAndReturn404()" classname="com.alkomis.shop.controller.ProductControllerTest" time="0.009"/>
  <testcase name="getProductById_getSpecificProductById_productAndStatusOk()" classname="com.alkomis.shop.controller.ProductControllerTest" time="0.011"/>
  <testcase name="getAllProducts_getListOfAllProducts_returnsListOfAllProductsAndStatusOk()" classname="com.alkomis.shop.controller.ProductControllerTest" time="0.011"/>
  <testcase name="deleteProductById_deleteProduct_statusOk()" classname="com.alkomis.shop.controller.ProductControllerTest" time="0.01"/>
  <system-out><![CDATA[2022-03-15 10:41:20 [Test worker] ?[34mINFO ?[0;39m o.s.b.t.a.w.s.WebMvcTestContextBootstrapper - Neither @ContextConfiguration nor @ContextHierarchy found for test class [com.alkomis.shop.controller.ProductControllerTest], using SpringBootContextLoader
2022-03-15 10:41:20 [Test worker] ?[34mINFO ?[0;39m o.s.t.c.s.AbstractContextLoader - Could not detect default resource locations for test class [com.alkomis.shop.controller.ProductControllerTest]: no resource found for suffixes {-context.xml, Context.groovy}.
2022-03-15 10:41:20 [Test worker] ?[34mINFO ?[0;39m o.s.t.c.s.AnnotationConfigContextLoaderUtils - Could not detect default configuration classes for test class [com.alkomis.shop.controller.ProductControllerTest]: ProductControllerTest does not declare any static, non-private, non-final, nested classes annotated with @Configuration.
2022-03-15 10:41:20 [Test worker] ?[34mINFO ?[0;39m o.s.b.t.c.SpringBootTestContextBootstrapper - Found @SpringBootConfiguration com.alkomis.shop.Main for test class com.alkomis.shop.controller.ProductControllerTest
2022-03-15 10:41:20 [Test worker] ?[34mINFO ?[0;39m o.s.b.t.a.w.s.WebMvcTestContextBootstrapper - Loaded default TestExecutionListener class names from location [META-INF/spring.factories]: [org.springframework.security.test.context.support.WithSecurityContextTestExecutionListener, org.springframework.security.test.context.support.ReactorContextTestExecutionListener, org.springframework.boot.test.autoconfigure.restdocs.RestDocsTestExecutionListener, org.springframework.boot.test.autoconfigure.web.client.MockRestServiceServerResetTestExecutionListener, org.springframework.boot.test.autoconfigure.web.servlet.MockMvcPrintOnlyOnFailureTestExecutionListener, org.springframework.boot.test.autoconfigure.web.servlet.WebDriverTestExecutionListener, org.springframework.boot.test.autoconfigure.webservices.client.MockWebServiceServerTestExecutionListener, org.springframework.boot.test.mock.mockito.MockitoTestExecutionListener, org.springframework.boot.test.mock.mockito.ResetMocksTestExecutionListener, org.springframework.test.context.web.ServletTestExecutionListener, org.springframework.test.context.support.DirtiesContextBeforeModesTestExecutionListener, org.springframework.test.context.event.ApplicationEventsTestExecutionListener, org.springframework.test.context.support.DependencyInjectionTestExecutionListener, org.springframework.test.context.support.DirtiesContextTestExecutionListener, org.springframework.test.context.transaction.TransactionalTestExecutionListener, org.springframework.test.context.jdbc.SqlScriptsTestExecutionListener, org.springframework.test.context.event.EventPublishingTestExecutionListener]
2022-03-15 10:41:20 [Test worker] ?[34mINFO ?[0;39m o.s.b.t.a.w.s.WebMvcTestContextBootstrapper - Using TestExecutionListeners: [org.springframework.test.context.web.ServletTestExecutionListener@3f122cdc, org.springframework.test.context.support.DirtiesContextBeforeModesTestExecutionListener@5bf523e3, org.springframework.test.context.event.ApplicationEventsTestExecutionListener@8d29719, org.springframework.boot.test.mock.mockito.MockitoTestExecutionListener@65259c53, org.springframework.boot.test.autoconfigure.SpringBootDependencyInjectionTestExecutionListener@4bff28e7, org.springframework.test.context.support.DirtiesContextTestExecutionListener@39e7e040, org.springframework.test.context.transaction.TransactionalTestExecutionListener@2591d23a, org.springframework.test.context.jdbc.SqlScriptsTestExecutionListener@6c1f15df, org.springframework.security.test.context.support.WithSecurityContextTestExecutionListener@5e95b0ab, org.springframework.test.context.event.EventPublishingTestExecutionListener@5876bed9, org.springframework.security.test.context.support.ReactorContextTestExecutionListener@73ddb7ef, org.springframework.boot.test.autoconfigure.restdocs.RestDocsTestExecutionListener@67f8f5a6, org.springframework.boot.test.autoconfigure.web.client.MockRestServiceServerResetTestExecutionListener@141b011a, org.springframework.boot.test.autoconfigure.web.servlet.MockMvcPrintOnlyOnFailureTestExecutionListener@7976e536, org.springframework.boot.test.autoconfigure.web.servlet.WebDriverTestExecutionListener@670a4738, org.springframework.boot.test.autoconfigure.webservices.client.MockWebServiceServerTestExecutionListener@47ffdbba, org.springframework.boot.test.mock.mockito.ResetMocksTestExecutionListener@ba0018e]

  .   ____          _            __ _ _
 /\\ / ___'_ __ _ _(_)_ __  __ _ \ \ \ \
( ( )\___ | '_ | '_| | '_ \/ _` | \ \ \ \
 \\/  ___)| |_)| | | | | || (_| |  ) ) ) )
  '  |____| .__|_| |_|_| |_\__, | / / / /
 =========|_|==============|___/=/_/_/_/
 :: Spring Boot ::                (v2.6.3)

2022-03-15 10:41:20 [Test worker] ?[34mINFO ?[0;39m c.a.s.c.ProductControllerTest - Starting ProductControllerTest using Java 17.0.2 on DESKTOP-OUNUL9B with PID 2952 (started by Александр in D:\Java\Projects\shop)
2022-03-15 10:41:20 [Test worker] ?[34mINFO ?[0;39m c.a.s.c.ProductControllerTest - No active profile set, falling back to default profiles: default
2022-03-15 10:41:22 [Test worker] ?[34mINFO ?[0;39m o.s.b.t.m.w.SpringBootMockServletContext - Initializing Spring TestDispatcherServlet ''
2022-03-15 10:41:22 [Test worker] ?[34mINFO ?[0;39m o.s.t.w.s.TestDispatcherServlet - Initializing Servlet ''
2022-03-15 10:41:22 [Test worker] ?[34mINFO ?[0;39m o.s.t.w.s.TestDispatcherServlet - Completed initialization in 4 ms
2022-03-15 10:41:22 [Test worker] ?[34mINFO ?[0;39m c.a.s.c.ProductControllerTest - Started ProductControllerTest in 2.124 seconds (JVM running for 10.828)
2022-03-15 10:41:23 [Test worker] ?[1;31mERROR?[0;39m c.a.s.e.h.ValidationExceptionHandler - Validation failed. Details: [title: Product title can't be empty., title: Product title must have at least 3 characters.]
2022-03-15 10:41:23 [Test worker] ?[1;31mERROR?[0;39m c.a.s.e.h.ValidationExceptionHandler - Validation failed. Details: [title: Product title must have at least 3 characters., title: Product title can't be empty.]
]]></system-out>
  <system-err><![CDATA[]]></system-err>
</testsuite>
