<?xml version="1.0" encoding="UTF-8"?>
<testsuite name="com.alkomis.shop.controller.CategoryControllerTest" tests="4" skipped="0" failures="0" errors="0" timestamp="2022-03-15T07:41:20" hostname="DESKTOP-OUNUL9B" time="0.405">
  <properties/>
  <testcase name="getAllProductsOfCategory_categoryWasNotFound_throwsExceptionAnd404()" classname="com.alkomis.shop.controller.CategoryControllerTest" time="0.214"/>
  <testcase name="getAllCategories_listOfCategoriesIsEmpty_throwsExceptionAnd404()" classname="com.alkomis.shop.controller.CategoryControllerTest" time="0.019"/>
  <testcase name="getAllProductsOfCategory_categoryAndListOfProductsInAMap_hashMapOfCategoryAndProducts()" classname="com.alkomis.shop.controller.CategoryControllerTest" time="0.15"/>
  <testcase name="getAllCategories_getListOfAllCategories_listOfCategories()" classname="com.alkomis.shop.controller.CategoryControllerTest" time="0.014"/>
  <system-out><![CDATA[10:41:13.282 [Test worker] DEBUG org.springframework.test.context.BootstrapUtils - Instantiating CacheAwareContextLoaderDelegate from class [org.springframework.test.context.cache.DefaultCacheAwareContextLoaderDelegate]
10:41:13.302 [Test worker] DEBUG org.springframework.test.context.BootstrapUtils - Instantiating BootstrapContext using constructor [public org.springframework.test.context.support.DefaultBootstrapContext(java.lang.Class,org.springframework.test.context.CacheAwareContextLoaderDelegate)]
10:41:13.380 [Test worker] DEBUG org.springframework.test.context.BootstrapUtils - Instantiating TestContextBootstrapper for test class [com.alkomis.shop.controller.CategoryControllerTest] from class [org.springframework.boot.test.autoconfigure.web.servlet.WebMvcTestContextBootstrapper]
10:41:13.404 [Test worker] INFO org.springframework.boot.test.autoconfigure.web.servlet.WebMvcTestContextBootstrapper - Neither @ContextConfiguration nor @ContextHierarchy found for test class [com.alkomis.shop.controller.CategoryControllerTest], using SpringBootContextLoader
10:41:13.420 [Test worker] DEBUG org.springframework.test.context.support.AbstractContextLoader - Did not detect default resource location for test class [com.alkomis.shop.controller.CategoryControllerTest]: class path resource [com/alkomis/shop/controller/CategoryControllerTest-context.xml] does not exist
10:41:13.421 [Test worker] DEBUG org.springframework.test.context.support.AbstractContextLoader - Did not detect default resource location for test class [com.alkomis.shop.controller.CategoryControllerTest]: class path resource [com/alkomis/shop/controller/CategoryControllerTestContext.groovy] does not exist
10:41:13.421 [Test worker] INFO org.springframework.test.context.support.AbstractContextLoader - Could not detect default resource locations for test class [com.alkomis.shop.controller.CategoryControllerTest]: no resource found for suffixes {-context.xml, Context.groovy}.
10:41:13.422 [Test worker] INFO org.springframework.test.context.support.AnnotationConfigContextLoaderUtils - Could not detect default configuration classes for test class [com.alkomis.shop.controller.CategoryControllerTest]: CategoryControllerTest does not declare any static, non-private, non-final, nested classes annotated with @Configuration.
10:41:13.699 [Test worker] DEBUG org.springframework.test.context.support.ActiveProfilesUtils - Could not find an 'annotation declaring class' for annotation type [org.springframework.test.context.ActiveProfiles] and class [com.alkomis.shop.controller.CategoryControllerTest]
10:41:14.067 [Test worker] DEBUG org.springframework.context.annotation.ClassPathScanningCandidateComponentProvider - Identified candidate component class: file [D:\Java\Projects\shop\build\classes\java\main\com\alkomis\shop\Main.class]
10:41:14.069 [Test worker] INFO org.springframework.boot.test.context.SpringBootTestContextBootstrapper - Found @SpringBootConfiguration com.alkomis.shop.Main for test class com.alkomis.shop.controller.CategoryControllerTest
10:41:14.084 [Test worker] DEBUG org.springframework.boot.test.autoconfigure.web.servlet.WebMvcTestContextBootstrapper - @TestExecutionListeners is not present for class [com.alkomis.shop.controller.CategoryControllerTest]: using defaults.
10:41:14.085 [Test worker] INFO org.springframework.boot.test.autoconfigure.web.servlet.WebMvcTestContextBootstrapper - Loaded default TestExecutionListener class names from location [META-INF/spring.factories]: [org.springframework.security.test.context.support.WithSecurityContextTestExecutionListener, org.springframework.security.test.context.support.ReactorContextTestExecutionListener, org.springframework.boot.test.autoconfigure.restdocs.RestDocsTestExecutionListener, org.springframework.boot.test.autoconfigure.web.client.MockRestServiceServerResetTestExecutionListener, org.springframework.boot.test.autoconfigure.web.servlet.MockMvcPrintOnlyOnFailureTestExecutionListener, org.springframework.boot.test.autoconfigure.web.servlet.WebDriverTestExecutionListener, org.springframework.boot.test.autoconfigure.webservices.client.MockWebServiceServerTestExecutionListener, org.springframework.boot.test.mock.mockito.MockitoTestExecutionListener, org.springframework.boot.test.mock.mockito.ResetMocksTestExecutionListener, org.springframework.test.context.web.ServletTestExecutionListener, org.springframework.test.context.support.DirtiesContextBeforeModesTestExecutionListener, org.springframework.test.context.event.ApplicationEventsTestExecutionListener, org.springframework.test.context.support.DependencyInjectionTestExecutionListener, org.springframework.test.context.support.DirtiesContextTestExecutionListener, org.springframework.test.context.transaction.TransactionalTestExecutionListener, org.springframework.test.context.jdbc.SqlScriptsTestExecutionListener, org.springframework.test.context.event.EventPublishingTestExecutionListener]
10:41:14.125 [Test worker] INFO org.springframework.boot.test.autoconfigure.web.servlet.WebMvcTestContextBootstrapper - Using TestExecutionListeners: [org.springframework.test.context.web.ServletTestExecutionListener@53ab0286, org.springframework.test.context.support.DirtiesContextBeforeModesTestExecutionListener@63c5efee, org.springframework.test.context.event.ApplicationEventsTestExecutionListener@2d10e0b1, org.springframework.boot.test.mock.mockito.MockitoTestExecutionListener@1c98290c, org.springframework.boot.test.autoconfigure.SpringBootDependencyInjectionTestExecutionListener@172ca72b, org.springframework.test.context.support.DirtiesContextTestExecutionListener@5bda80bf, org.springframework.test.context.transaction.TransactionalTestExecutionListener@71e5f61d, org.springframework.test.context.jdbc.SqlScriptsTestExecutionListener@2ce86164, org.springframework.security.test.context.support.WithSecurityContextTestExecutionListener@5e8f9e2d, org.springframework.test.context.event.EventPublishingTestExecutionListener@51df223b, org.springframework.security.test.context.support.ReactorContextTestExecutionListener@fd46303, org.springframework.boot.test.autoconfigure.restdocs.RestDocsTestExecutionListener@60d8c0dc, org.springframework.boot.test.autoconfigure.web.client.MockRestServiceServerResetTestExecutionListener@4204541c, org.springframework.boot.test.autoconfigure.web.servlet.MockMvcPrintOnlyOnFailureTestExecutionListener@6a62689d, org.springframework.boot.test.autoconfigure.web.servlet.WebDriverTestExecutionListener@4602c2a9, org.springframework.boot.test.autoconfigure.webservices.client.MockWebServiceServerTestExecutionListener@60fa3495, org.springframework.boot.test.mock.mockito.ResetMocksTestExecutionListener@3e2822]
10:41:14.133 [Test worker] DEBUG org.springframework.test.context.support.AbstractDirtiesContextTestExecutionListener - Before test class: context [DefaultTestContext@1e044120 testClass = CategoryControllerTest, testInstance = [null], testMethod = [null], testException = [null], mergedContextConfiguration = [WebMergedContextConfiguration@2cf23c81 testClass = CategoryControllerTest, locations = '{}', classes = '{class com.alkomis.shop.Main}', contextInitializerClasses = '[]', activeProfiles = '{}', propertySourceLocations = '{}', propertySourceProperties = '{org.springframework.boot.test.autoconfigure.web.servlet.WebMvcTestContextBootstrapper=true}', contextCustomizers = set[org.springframework.boot.test.autoconfigure.OverrideAutoConfigurationContextCustomizerFactory$DisableAutoConfigurationContextCustomizer@4aa83f4f, org.springframework.boot.test.autoconfigure.actuate.metrics.MetricsExportContextCustomizerFactory$DisableMetricExportContextCustomizer@61e94def, org.springframework.boot.test.autoconfigure.filter.TypeExcludeFiltersContextCustomizer@d056ec87, org.springframework.boot.test.autoconfigure.properties.PropertyMappingContextCustomizer@296572ca, org.springframework.boot.test.autoconfigure.web.servlet.WebDriverContextCustomizerFactory$Customizer@23d1e5d0, [ImportsContextCustomizer@3624da92 key = [org.springframework.boot.autoconfigure.cache.CacheAutoConfiguration, org.springframework.boot.autoconfigure.context.MessageSourceAutoConfiguration, org.springframework.boot.autoconfigure.data.web.SpringDataWebAutoConfiguration, org.springframework.boot.autoconfigure.freemarker.FreeMarkerAutoConfiguration, org.springframework.boot.autoconfigure.groovy.template.GroovyTemplateAutoConfiguration, org.springframework.boot.autoconfigure.gson.GsonAutoConfiguration, org.springframework.boot.autoconfigure.hateoas.HypermediaAutoConfiguration, org.springframework.boot.autoconfigure.http.HttpMessageConvertersAutoConfiguration, org.springframework.boot.autoconfigure.jackson.JacksonAutoConfiguration, org.springframework.boot.autoconfigure.jsonb.JsonbAutoConfiguration, org.springframework.boot.autoconfigure.mustache.MustacheAutoConfiguration, org.springframework.boot.autoconfigure.task.TaskExecutionAutoConfiguration, org.springframework.boot.autoconfigure.thymeleaf.ThymeleafAutoConfiguration, org.springframework.boot.autoconfigure.validation.ValidationAutoConfiguration, org.springframework.boot.autoconfigure.web.servlet.error.ErrorMvcAutoConfiguration, org.springframework.boot.autoconfigure.web.servlet.HttpEncodingAutoConfiguration, org.springframework.boot.autoconfigure.web.servlet.WebMvcAutoConfiguration, org.springframework.boot.test.autoconfigure.web.servlet.MockMvcAutoConfiguration, org.springframework.boot.test.autoconfigure.web.servlet.MockMvcWebClientAutoConfiguration, org.springframework.boot.test.autoconfigure.web.servlet.MockMvcWebDriverAutoConfiguration, org.springframework.boot.autoconfigure.security.oauth2.client.servlet.OAuth2ClientAutoConfiguration, org.springframework.boot.autoconfigure.security.oauth2.resource.servlet.OAuth2ResourceServerAutoConfiguration, org.springframework.boot.autoconfigure.security.servlet.SecurityAutoConfiguration, org.springframework.boot.autoconfigure.security.servlet.SecurityFilterAutoConfiguration, org.springframework.boot.autoconfigure.security.servlet.UserDetailsServiceAutoConfiguration, org.springframework.boot.test.autoconfigure.web.servlet.MockMvcSecurityConfiguration, org.springframework.boot.test.autoconfigure.web.reactive.WebTestClientAutoConfiguration]], org.springframework.boot.test.context.filter.ExcludeFilterContextCustomizer@53dacd14, org.springframework.boot.test.json.DuplicateJsonObjectContextCustomizerFactory$DuplicateJsonObjectContextCustomizer@47c4ecdc, org.springframework.boot.test.mock.mockito.MockitoContextCustomizer@c83980b2, org.springframework.boot.test.context.SpringBootTestArgs@1, org.springframework.boot.test.context.SpringBootTestWebEnvironment@0], resourceBasePath = 'src/main/webapp', contextLoader = 'org.springframework.boot.test.context.SpringBootContextLoader', parent = [null]], attributes = map[[empty]]], class annotated with @DirtiesContext [false] with mode [null].

  .   ____          _            __ _ _
 /\\ / ___'_ __ _ _(_)_ __  __ _ \ \ \ \
( ( )\___ | '_ | '_| | '_ \/ _` | \ \ \ \
 \\/  ___)| |_)| | | | | || (_| |  ) ) ) )
  '  |____| .__|_| |_|_| |_\__, | / / / /
 =========|_|==============|___/=/_/_/_/
 :: Spring Boot ::                (v2.6.3)

2022-03-15 10:41:15 [background-preinit] ?[34mINFO ?[0;39m o.h.validator.internal.util.Version - HV000001: Hibernate Validator 6.2.0.Final
2022-03-15 10:41:15 [Test worker] ?[34mINFO ?[0;39m c.a.s.c.CategoryControllerTest - Starting CategoryControllerTest using Java 17.0.2 on DESKTOP-OUNUL9B with PID 2952 (started by Александр in D:\Java\Projects\shop)
2022-03-15 10:41:15 [Test worker] ?[34mINFO ?[0;39m c.a.s.c.CategoryControllerTest - No active profile set, falling back to default profiles: default
2022-03-15 10:41:20 [Test worker] ?[34mINFO ?[0;39m o.s.b.t.m.w.SpringBootMockServletContext - Initializing Spring TestDispatcherServlet ''
2022-03-15 10:41:20 [Test worker] ?[34mINFO ?[0;39m o.s.t.w.s.TestDispatcherServlet - Initializing Servlet ''
2022-03-15 10:41:20 [Test worker] ?[34mINFO ?[0;39m o.s.t.w.s.TestDispatcherServlet - Completed initialization in 3 ms
2022-03-15 10:41:20 [Test worker] ?[34mINFO ?[0;39m c.a.s.c.CategoryControllerTest - Started CategoryControllerTest in 5.569 seconds (JVM running for 8.242)
]]></system-out>
  <system-err><![CDATA[]]></system-err>
</testsuite>
