<?xml version="1.0" encoding="UTF-8"?>
<testsuite name="com.alkomis.shop.repository.CategoryRepositoryTest" tests="2" skipped="0" failures="0" errors="0" timestamp="2022-03-15T07:41:26" hostname="DESKTOP-OUNUL9B" time="1.97">
  <properties/>
  <testcase name="findTopCategoryByTitle_categoryWithMatchingTitleFound_optionalWithCategory()" classname="com.alkomis.shop.repository.CategoryRepositoryTest" time="1.011"/>
  <testcase name="findTopCategoryByTitle_categoryNotFound_emptyOptional()" classname="com.alkomis.shop.repository.CategoryRepositoryTest" time="0.957"/>
  <system-out><![CDATA[2022-03-15 10:41:23 [Test worker] ?[34mINFO ?[0;39m o.s.b.t.a.o.j.DataJpaTestContextBootstrapper - Neither @ContextConfiguration nor @ContextHierarchy found for test class [com.alkomis.shop.repository.CategoryRepositoryTest], using SpringBootContextLoader
2022-03-15 10:41:23 [Test worker] ?[34mINFO ?[0;39m o.s.t.c.s.AbstractContextLoader - Could not detect default resource locations for test class [com.alkomis.shop.repository.CategoryRepositoryTest]: no resource found for suffixes {-context.xml, Context.groovy}.
2022-03-15 10:41:23 [Test worker] ?[34mINFO ?[0;39m o.s.t.c.s.AnnotationConfigContextLoaderUtils - Could not detect default configuration classes for test class [com.alkomis.shop.repository.CategoryRepositoryTest]: CategoryRepositoryTest does not declare any static, non-private, non-final, nested classes annotated with @Configuration.
2022-03-15 10:41:23 [Test worker] ?[34mINFO ?[0;39m o.s.b.t.c.SpringBootTestContextBootstrapper - Found @SpringBootConfiguration com.alkomis.shop.Main for test class com.alkomis.shop.repository.CategoryRepositoryTest
2022-03-15 10:41:23 [Test worker] ?[34mINFO ?[0;39m o.s.b.t.a.o.j.DataJpaTestContextBootstrapper - Loaded default TestExecutionListener class names from location [META-INF/spring.factories]: [org.springframework.security.test.context.support.WithSecurityContextTestExecutionListener, org.springframework.security.test.context.support.ReactorContextTestExecutionListener, org.springframework.boot.test.autoconfigure.restdocs.RestDocsTestExecutionListener, org.springframework.boot.test.autoconfigure.web.client.MockRestServiceServerResetTestExecutionListener, org.springframework.boot.test.autoconfigure.web.servlet.MockMvcPrintOnlyOnFailureTestExecutionListener, org.springframework.boot.test.autoconfigure.web.servlet.WebDriverTestExecutionListener, org.springframework.boot.test.autoconfigure.webservices.client.MockWebServiceServerTestExecutionListener, org.springframework.boot.test.mock.mockito.MockitoTestExecutionListener, org.springframework.boot.test.mock.mockito.ResetMocksTestExecutionListener, org.springframework.test.context.web.ServletTestExecutionListener, org.springframework.test.context.support.DirtiesContextBeforeModesTestExecutionListener, org.springframework.test.context.event.ApplicationEventsTestExecutionListener, org.springframework.test.context.support.DependencyInjectionTestExecutionListener, org.springframework.test.context.support.DirtiesContextTestExecutionListener, org.springframework.test.context.transaction.TransactionalTestExecutionListener, org.springframework.test.context.jdbc.SqlScriptsTestExecutionListener, org.springframework.test.context.event.EventPublishingTestExecutionListener]
2022-03-15 10:41:23 [Test worker] ?[34mINFO ?[0;39m o.s.b.t.a.o.j.DataJpaTestContextBootstrapper - Using TestExecutionListeners: [org.springframework.test.context.web.ServletTestExecutionListener@404dc999, org.springframework.test.context.support.DirtiesContextBeforeModesTestExecutionListener@ef85567, org.springframework.test.context.event.ApplicationEventsTestExecutionListener@1c2fb9e8, org.springframework.boot.test.mock.mockito.MockitoTestExecutionListener@ec3944, org.springframework.boot.test.autoconfigure.SpringBootDependencyInjectionTestExecutionListener@2e4339c1, org.springframework.test.context.support.DirtiesContextTestExecutionListener@62dc1203, org.springframework.test.context.transaction.TransactionalTestExecutionListener@35d0749, org.springframework.test.context.jdbc.SqlScriptsTestExecutionListener@621a387f, org.springframework.security.test.context.support.WithSecurityContextTestExecutionListener@552088cc, org.springframework.test.context.event.EventPublishingTestExecutionListener@57eed461, org.springframework.security.test.context.support.ReactorContextTestExecutionListener@3c62f69a, org.springframework.boot.test.autoconfigure.restdocs.RestDocsTestExecutionListener@f08f8a9, org.springframework.boot.test.autoconfigure.web.client.MockRestServiceServerResetTestExecutionListener@5ebf776c, org.springframework.boot.test.autoconfigure.web.servlet.MockMvcPrintOnlyOnFailureTestExecutionListener@7fd3fd06, org.springframework.boot.test.autoconfigure.web.servlet.WebDriverTestExecutionListener@54ae1240, org.springframework.boot.test.autoconfigure.webservices.client.MockWebServiceServerTestExecutionListener@1c2b65cc, org.springframework.boot.test.mock.mockito.ResetMocksTestExecutionListener@390a7532]

  .   ____          _            __ _ _
 /\\ / ___'_ __ _ _(_)_ __  __ _ \ \ \ \
( ( )\___ | '_ | '_| | '_ \/ _` | \ \ \ \
 \\/  ___)| |_)| | | | | || (_| |  ) ) ) )
  '  |____| .__|_| |_|_| |_\__, | / / / /
 =========|_|==============|___/=/_/_/_/
 :: Spring Boot ::                (v2.6.3)

2022-03-15 10:41:23 [Test worker] ?[34mINFO ?[0;39m c.a.s.r.CategoryRepositoryTest - Starting CategoryRepositoryTest using Java 17.0.2 on DESKTOP-OUNUL9B with PID 2952 (started by Александр in D:\Java\Projects\shop)
2022-03-15 10:41:23 [Test worker] ?[34mINFO ?[0;39m c.a.s.r.CategoryRepositoryTest - No active profile set, falling back to default profiles: default
2022-03-15 10:41:24 [Test worker] ?[34mINFO ?[0;39m o.s.d.r.c.RepositoryConfigurationDelegate - Bootstrapping Spring Data JPA repositories in DEFAULT mode.
2022-03-15 10:41:24 [Test worker] ?[34mINFO ?[0;39m o.s.d.r.c.RepositoryConfigurationDelegate - Finished Spring Data repository scanning in 85 ms. Found 2 JPA repository interfaces.
2022-03-15 10:41:24 [Test worker] ?[34mINFO ?[0;39m o.s.b.t.a.j.TestDatabaseAutoConfiguration$EmbeddedDataSourceBeanFactoryPostProcessor - Replacing 'dataSource' DataSource bean with embedded version
2022-03-15 10:41:24 [Test worker] ?[34mINFO ?[0;39m o.s.j.d.e.EmbeddedDatabaseFactory - Starting embedded database: url='jdbc:h2:mem:6452019b-eadc-43b0-9245-5488040103b4;DB_CLOSE_DELAY=-1;DB_CLOSE_ON_EXIT=false', username='sa'
2022-03-15 10:41:25 [Test worker] ?[34mINFO ?[0;39m o.h.jpa.internal.util.LogHelper - HHH000204: Processing PersistenceUnitInfo [name: default]
2022-03-15 10:41:25 [Test worker] ?[34mINFO ?[0;39m org.hibernate.Version - HHH000412: Hibernate ORM core version 5.6.4.Final
2022-03-15 10:41:25 [Test worker] ?[34mINFO ?[0;39m o.h.annotations.common.Version - HCANN000001: Hibernate Commons Annotations {5.1.2.Final}
2022-03-15 10:41:25 [Test worker] ?[34mINFO ?[0;39m org.hibernate.dialect.Dialect - HHH000400: Using dialect: org.hibernate.dialect.H2Dialect
Hibernate: drop table if exists categories CASCADE 
Hibernate: drop table if exists product_properties CASCADE 
Hibernate: drop table if exists products CASCADE 
Hibernate: create table categories (id bigint generated by default as identity, title varchar(255), primary key (id))
Hibernate: create table product_properties (id bigint generated by default as identity, color varchar(255), image_link varchar(255), size double not null, stock integer not null, product bigint, primary key (id))
Hibernate: create table products (id bigint generated by default as identity, archive boolean not null, brand varchar(255), description varchar(255), price decimal(19,2), target_audience varchar(255), title varchar(255), category_id bigint, primary key (id))
Hibernate: alter table product_properties add constraint FKd6cr8vqkic9s3u00v71tw3ih3 foreign key (product) references products
Hibernate: alter table products add constraint FKog2rp4qthbtt2lfyhfo32lsw9 foreign key (category_id) references categories
2022-03-15 10:41:26 [Test worker] ?[34mINFO ?[0;39m o.h.e.t.j.p.i.JtaPlatformInitiator - HHH000490: Using JtaPlatform implementation: [org.hibernate.engine.transaction.jta.platform.internal.NoJtaPlatform]
2022-03-15 10:41:26 [Test worker] ?[34mINFO ?[0;39m o.s.o.j.LocalContainerEntityManagerFactoryBean - Initialized JPA EntityManagerFactory for persistence unit 'default'
2022-03-15 10:41:26 [Test worker] ?[34mINFO ?[0;39m c.a.s.r.CategoryRepositoryTest - Started CategoryRepositoryTest in 3.115 seconds (JVM running for 14.801)
2022-03-15 10:41:26 [Test worker] ?[34mINFO ?[0;39m o.s.o.j.LocalContainerEntityManagerFactoryBean - Closing JPA EntityManagerFactory for persistence unit 'default'
2022-03-15 10:41:26 [Test worker] ?[34mINFO ?[0;39m o.h.t.s.i.SchemaDropperImpl$DelayedDropActionImpl - HHH000477: Starting delayed evictData of schema as part of SessionFactory shut-down'
Hibernate: drop table if exists categories CASCADE 
Hibernate: drop table if exists product_properties CASCADE 
Hibernate: drop table if exists products CASCADE 

  .   ____          _            __ _ _
 /\\ / ___'_ __ _ _(_)_ __  __ _ \ \ \ \
( ( )\___ | '_ | '_| | '_ \/ _` | \ \ \ \
 \\/  ___)| |_)| | | | | || (_| |  ) ) ) )
  '  |____| .__|_| |_|_| |_\__, | / / / /
 =========|_|==============|___/=/_/_/_/
 :: Spring Boot ::                (v2.6.3)

2022-03-15 10:41:26 [Test worker] ?[34mINFO ?[0;39m c.a.s.r.CategoryRepositoryTest - Starting CategoryRepositoryTest using Java 17.0.2 on DESKTOP-OUNUL9B with PID 2952 (started by Александр in D:\Java\Projects\shop)
2022-03-15 10:41:26 [Test worker] ?[34mINFO ?[0;39m c.a.s.r.CategoryRepositoryTest - No active profile set, falling back to default profiles: default
2022-03-15 10:41:26 [Test worker] ?[34mINFO ?[0;39m o.s.d.r.c.RepositoryConfigurationDelegate - Bootstrapping Spring Data JPA repositories in DEFAULT mode.
2022-03-15 10:41:26 [Test worker] ?[34mINFO ?[0;39m o.s.d.r.c.RepositoryConfigurationDelegate - Finished Spring Data repository scanning in 14 ms. Found 2 JPA repository interfaces.
2022-03-15 10:41:26 [Test worker] ?[34mINFO ?[0;39m o.s.b.t.a.j.TestDatabaseAutoConfiguration$EmbeddedDataSourceBeanFactoryPostProcessor - Replacing 'dataSource' DataSource bean with embedded version
2022-03-15 10:41:27 [Test worker] ?[34mINFO ?[0;39m o.s.j.d.e.EmbeddedDatabaseFactory - Starting embedded database: url='jdbc:h2:mem:85e28270-3e53-4b35-8e60-280482a47983;DB_CLOSE_DELAY=-1;DB_CLOSE_ON_EXIT=false', username='sa'
2022-03-15 10:41:27 [Test worker] ?[34mINFO ?[0;39m o.h.jpa.internal.util.LogHelper - HHH000204: Processing PersistenceUnitInfo [name: default]
2022-03-15 10:41:27 [Test worker] ?[34mINFO ?[0;39m org.hibernate.dialect.Dialect - HHH000400: Using dialect: org.hibernate.dialect.H2Dialect
Hibernate: drop table if exists categories CASCADE 
Hibernate: drop table if exists product_properties CASCADE 
Hibernate: drop table if exists products CASCADE 
Hibernate: create table categories (id bigint generated by default as identity, title varchar(255), primary key (id))
Hibernate: create table product_properties (id bigint generated by default as identity, color varchar(255), image_link varchar(255), size double not null, stock integer not null, product bigint, primary key (id))
Hibernate: create table products (id bigint generated by default as identity, archive boolean not null, brand varchar(255), description varchar(255), price decimal(19,2), target_audience varchar(255), title varchar(255), category_id bigint, primary key (id))
Hibernate: alter table product_properties add constraint FKd6cr8vqkic9s3u00v71tw3ih3 foreign key (product) references products
Hibernate: alter table products add constraint FKog2rp4qthbtt2lfyhfo32lsw9 foreign key (category_id) references categories
2022-03-15 10:41:27 [Test worker] ?[34mINFO ?[0;39m o.h.e.t.j.p.i.JtaPlatformInitiator - HHH000490: Using JtaPlatform implementation: [org.hibernate.engine.transaction.jta.platform.internal.NoJtaPlatform]
2022-03-15 10:41:27 [Test worker] ?[34mINFO ?[0;39m o.s.o.j.LocalContainerEntityManagerFactoryBean - Initialized JPA EntityManagerFactory for persistence unit 'default'
2022-03-15 10:41:27 [Test worker] ?[34mINFO ?[0;39m c.a.s.r.CategoryRepositoryTest - Started CategoryRepositoryTest in 0.722 seconds (JVM running for 15.55)
2022-03-15 10:41:27 [Test worker] ?[34mINFO ?[0;39m o.s.t.c.t.TransactionContext - Began transaction (1) for test context [DefaultTestContext@27ca8a5a testClass = CategoryRepositoryTest, testInstance = com.alkomis.shop.repository.CategoryRepositoryTest@62604ed4, testMethod = findTopCategoryByTitle_categoryWithMatchingTitleFound_optionalWithCategory@CategoryRepositoryTest, testException = [null], mergedContextConfiguration = [MergedContextConfiguration@1bfc6e50 testClass = CategoryRepositoryTest, locations = '{}', classes = '{class com.alkomis.shop.Main}', contextInitializerClasses = '[]', activeProfiles = '{}', propertySourceLocations = '{}', propertySourceProperties = '{org.springframework.boot.test.autoconfigure.orm.jpa.DataJpaTestContextBootstrapper=true}', contextCustomizers = set[org.springframework.boot.test.autoconfigure.OverrideAutoConfigurationContextCustomizerFactory$DisableAutoConfigurationContextCustomizer@4aa83f4f, org.springframework.boot.test.autoconfigure.actuate.metrics.MetricsExportContextCustomizerFactory$DisableMetricExportContextCustomizer@61e94def, org.springframework.boot.test.autoconfigure.filter.TypeExcludeFiltersContextCustomizer@351584c0, org.springframework.boot.test.autoconfigure.properties.PropertyMappingContextCustomizer@497108fd, org.springframework.boot.test.autoconfigure.web.servlet.WebDriverContextCustomizerFactory$Customizer@23d1e5d0, [ImportsContextCustomizer@4f74edbf key = [org.springframework.boot.autoconfigure.cache.CacheAutoConfiguration, org.springframework.boot.autoconfigure.data.jpa.JpaRepositoriesAutoConfiguration, org.springframework.boot.autoconfigure.flyway.FlywayAutoConfiguration, org.springframework.boot.autoconfigure.jdbc.DataSourceAutoConfiguration, org.springframework.boot.autoconfigure.jdbc.DataSourceTransactionManagerAutoConfiguration, org.springframework.boot.autoconfigure.jdbc.JdbcTemplateAutoConfiguration, org.springframework.boot.autoconfigure.liquibase.LiquibaseAutoConfiguration, org.springframework.boot.autoconfigure.orm.jpa.HibernateJpaAutoConfiguration, org.springframework.boot.autoconfigure.sql.init.SqlInitializationAutoConfiguration, org.springframework.boot.autoconfigure.transaction.TransactionAutoConfiguration, org.springframework.boot.test.autoconfigure.jdbc.TestDatabaseAutoConfiguration, org.springframework.boot.test.autoconfigure.orm.jpa.TestEntityManagerAutoConfiguration]], org.springframework.boot.test.context.filter.ExcludeFilterContextCustomizer@53dacd14, org.springframework.boot.test.json.DuplicateJsonObjectContextCustomizerFactory$DuplicateJsonObjectContextCustomizer@47c4ecdc, org.springframework.boot.test.mock.mockito.MockitoContextCustomizer@0, org.springframework.boot.test.context.SpringBootTestArgs@1, org.springframework.boot.test.context.SpringBootTestWebEnvironment@0], contextLoader = 'org.springframework.boot.test.context.SpringBootContextLoader', parent = [null]], attributes = map['org.springframework.test.context.event.ApplicationEventsTestExecutionListener.recordApplicationEvents' -> false]]; transaction manager [org.springframework.orm.jpa.JpaTransactionManager@7388d94d]; rollback [true]
Hibernate: select category0_.id as id1_0_1_, category0_.title as title2_0_1_, product1_.category_id as category8_2_3_, product1_.id as id1_2_3_, product1_.id as id1_2_0_, product1_.archive as archive2_2_0_, product1_.brand as brand3_2_0_, product1_.category_id as category8_2_0_, product1_.description as descript4_2_0_, product1_.price as price5_2_0_, product1_.target_audience as target_a6_2_0_, product1_.title as title7_2_0_ from categories category0_ left outer join products product1_ on category0_.id=product1_.category_id where category0_.id=?
Hibernate: insert into categories (id, title) values (null, ?)
Hibernate: select category0_.id as id1_0_, category0_.title as title2_0_ from categories category0_ where category0_.title=? limit ?
2022-03-15 10:41:27 [Test worker] ?[34mINFO ?[0;39m o.s.t.c.t.TransactionContext - Rolled back transaction for test: [DefaultTestContext@27ca8a5a testClass = CategoryRepositoryTest, testInstance = com.alkomis.shop.repository.CategoryRepositoryTest@62604ed4, testMethod = findTopCategoryByTitle_categoryWithMatchingTitleFound_optionalWithCategory@CategoryRepositoryTest, testException = [null], mergedContextConfiguration = [MergedContextConfiguration@1bfc6e50 testClass = CategoryRepositoryTest, locations = '{}', classes = '{class com.alkomis.shop.Main}', contextInitializerClasses = '[]', activeProfiles = '{}', propertySourceLocations = '{}', propertySourceProperties = '{org.springframework.boot.test.autoconfigure.orm.jpa.DataJpaTestContextBootstrapper=true}', contextCustomizers = set[org.springframework.boot.test.autoconfigure.OverrideAutoConfigurationContextCustomizerFactory$DisableAutoConfigurationContextCustomizer@4aa83f4f, org.springframework.boot.test.autoconfigure.actuate.metrics.MetricsExportContextCustomizerFactory$DisableMetricExportContextCustomizer@61e94def, org.springframework.boot.test.autoconfigure.filter.TypeExcludeFiltersContextCustomizer@351584c0, org.springframework.boot.test.autoconfigure.properties.PropertyMappingContextCustomizer@497108fd, org.springframework.boot.test.autoconfigure.web.servlet.WebDriverContextCustomizerFactory$Customizer@23d1e5d0, [ImportsContextCustomizer@4f74edbf key = [org.springframework.boot.autoconfigure.cache.CacheAutoConfiguration, org.springframework.boot.autoconfigure.data.jpa.JpaRepositoriesAutoConfiguration, org.springframework.boot.autoconfigure.flyway.FlywayAutoConfiguration, org.springframework.boot.autoconfigure.jdbc.DataSourceAutoConfiguration, org.springframework.boot.autoconfigure.jdbc.DataSourceTransactionManagerAutoConfiguration, org.springframework.boot.autoconfigure.jdbc.JdbcTemplateAutoConfiguration, org.springframework.boot.autoconfigure.liquibase.LiquibaseAutoConfiguration, org.springframework.boot.autoconfigure.orm.jpa.HibernateJpaAutoConfiguration, org.springframework.boot.autoconfigure.sql.init.SqlInitializationAutoConfiguration, org.springframework.boot.autoconfigure.transaction.TransactionAutoConfiguration, org.springframework.boot.test.autoconfigure.jdbc.TestDatabaseAutoConfiguration, org.springframework.boot.test.autoconfigure.orm.jpa.TestEntityManagerAutoConfiguration]], org.springframework.boot.test.context.filter.ExcludeFilterContextCustomizer@53dacd14, org.springframework.boot.test.json.DuplicateJsonObjectContextCustomizerFactory$DuplicateJsonObjectContextCustomizer@47c4ecdc, org.springframework.boot.test.mock.mockito.MockitoContextCustomizer@0, org.springframework.boot.test.context.SpringBootTestArgs@1, org.springframework.boot.test.context.SpringBootTestWebEnvironment@0], contextLoader = 'org.springframework.boot.test.context.SpringBootContextLoader', parent = [null]], attributes = map['org.springframework.test.context.event.ApplicationEventsTestExecutionListener.recordApplicationEvents' -> false]]
2022-03-15 10:41:27 [Test worker] ?[34mINFO ?[0;39m o.s.o.j.LocalContainerEntityManagerFactoryBean - Closing JPA EntityManagerFactory for persistence unit 'default'
2022-03-15 10:41:27 [Test worker] ?[34mINFO ?[0;39m o.h.t.s.i.SchemaDropperImpl$DelayedDropActionImpl - HHH000477: Starting delayed evictData of schema as part of SessionFactory shut-down'
Hibernate: drop table if exists categories CASCADE 
Hibernate: drop table if exists product_properties CASCADE 
Hibernate: drop table if exists products CASCADE 

  .   ____          _            __ _ _
 /\\ / ___'_ __ _ _(_)_ __  __ _ \ \ \ \
( ( )\___ | '_ | '_| | '_ \/ _` | \ \ \ \
 \\/  ___)| |_)| | | | | || (_| |  ) ) ) )
  '  |____| .__|_| |_|_| |_\__, | / / / /
 =========|_|==============|___/=/_/_/_/
 :: Spring Boot ::                (v2.6.3)

2022-03-15 10:41:27 [Test worker] ?[34mINFO ?[0;39m c.a.s.r.CategoryRepositoryTest - Starting CategoryRepositoryTest using Java 17.0.2 on DESKTOP-OUNUL9B with PID 2952 (started by Александр in D:\Java\Projects\shop)
2022-03-15 10:41:27 [Test worker] ?[34mINFO ?[0;39m c.a.s.r.CategoryRepositoryTest - No active profile set, falling back to default profiles: default
2022-03-15 10:41:28 [Test worker] ?[34mINFO ?[0;39m o.s.d.r.c.RepositoryConfigurationDelegate - Bootstrapping Spring Data JPA repositories in DEFAULT mode.
2022-03-15 10:41:28 [Test worker] ?[34mINFO ?[0;39m o.s.d.r.c.RepositoryConfigurationDelegate - Finished Spring Data repository scanning in 19 ms. Found 2 JPA repository interfaces.
2022-03-15 10:41:28 [Test worker] ?[34mINFO ?[0;39m o.s.b.t.a.j.TestDatabaseAutoConfiguration$EmbeddedDataSourceBeanFactoryPostProcessor - Replacing 'dataSource' DataSource bean with embedded version
2022-03-15 10:41:28 [Test worker] ?[34mINFO ?[0;39m o.s.j.d.e.EmbeddedDatabaseFactory - Starting embedded database: url='jdbc:h2:mem:cbb87652-63f6-44f9-83f9-b54599e1041a;DB_CLOSE_DELAY=-1;DB_CLOSE_ON_EXIT=false', username='sa'
2022-03-15 10:41:28 [Test worker] ?[34mINFO ?[0;39m o.h.jpa.internal.util.LogHelper - HHH000204: Processing PersistenceUnitInfo [name: default]
2022-03-15 10:41:28 [Test worker] ?[34mINFO ?[0;39m org.hibernate.dialect.Dialect - HHH000400: Using dialect: org.hibernate.dialect.H2Dialect
Hibernate: drop table if exists categories CASCADE 
Hibernate: drop table if exists product_properties CASCADE 
Hibernate: drop table if exists products CASCADE 
Hibernate: create table categories (id bigint generated by default as identity, title varchar(255), primary key (id))
Hibernate: create table product_properties (id bigint generated by default as identity, color varchar(255), image_link varchar(255), size double not null, stock integer not null, product bigint, primary key (id))
Hibernate: create table products (id bigint generated by default as identity, archive boolean not null, brand varchar(255), description varchar(255), price decimal(19,2), target_audience varchar(255), title varchar(255), category_id bigint, primary key (id))
Hibernate: alter table product_properties add constraint FKd6cr8vqkic9s3u00v71tw3ih3 foreign key (product) references products
Hibernate: alter table products add constraint FKog2rp4qthbtt2lfyhfo32lsw9 foreign key (category_id) references categories
2022-03-15 10:41:28 [Test worker] ?[34mINFO ?[0;39m o.h.e.t.j.p.i.JtaPlatformInitiator - HHH000490: Using JtaPlatform implementation: [org.hibernate.engine.transaction.jta.platform.internal.NoJtaPlatform]
2022-03-15 10:41:28 [Test worker] ?[34mINFO ?[0;39m o.s.o.j.LocalContainerEntityManagerFactoryBean - Initialized JPA EntityManagerFactory for persistence unit 'default'
2022-03-15 10:41:28 [Test worker] ?[34mINFO ?[0;39m c.a.s.r.CategoryRepositoryTest - Started CategoryRepositoryTest in 0.827 seconds (JVM running for 16.657)
2022-03-15 10:41:28 [Test worker] ?[34mINFO ?[0;39m o.s.t.c.t.TransactionContext - Began transaction (1) for test context [DefaultTestContext@27ca8a5a testClass = CategoryRepositoryTest, testInstance = com.alkomis.shop.repository.CategoryRepositoryTest@5edeb83e, testMethod = findTopCategoryByTitle_categoryNotFound_emptyOptional@CategoryRepositoryTest, testException = [null], mergedContextConfiguration = [MergedContextConfiguration@1bfc6e50 testClass = CategoryRepositoryTest, locations = '{}', classes = '{class com.alkomis.shop.Main}', contextInitializerClasses = '[]', activeProfiles = '{}', propertySourceLocations = '{}', propertySourceProperties = '{org.springframework.boot.test.autoconfigure.orm.jpa.DataJpaTestContextBootstrapper=true}', contextCustomizers = set[org.springframework.boot.test.autoconfigure.OverrideAutoConfigurationContextCustomizerFactory$DisableAutoConfigurationContextCustomizer@4aa83f4f, org.springframework.boot.test.autoconfigure.actuate.metrics.MetricsExportContextCustomizerFactory$DisableMetricExportContextCustomizer@61e94def, org.springframework.boot.test.autoconfigure.filter.TypeExcludeFiltersContextCustomizer@351584c0, org.springframework.boot.test.autoconfigure.properties.PropertyMappingContextCustomizer@497108fd, org.springframework.boot.test.autoconfigure.web.servlet.WebDriverContextCustomizerFactory$Customizer@23d1e5d0, [ImportsContextCustomizer@4f74edbf key = [org.springframework.boot.autoconfigure.cache.CacheAutoConfiguration, org.springframework.boot.autoconfigure.data.jpa.JpaRepositoriesAutoConfiguration, org.springframework.boot.autoconfigure.flyway.FlywayAutoConfiguration, org.springframework.boot.autoconfigure.jdbc.DataSourceAutoConfiguration, org.springframework.boot.autoconfigure.jdbc.DataSourceTransactionManagerAutoConfiguration, org.springframework.boot.autoconfigure.jdbc.JdbcTemplateAutoConfiguration, org.springframework.boot.autoconfigure.liquibase.LiquibaseAutoConfiguration, org.springframework.boot.autoconfigure.orm.jpa.HibernateJpaAutoConfiguration, org.springframework.boot.autoconfigure.sql.init.SqlInitializationAutoConfiguration, org.springframework.boot.autoconfigure.transaction.TransactionAutoConfiguration, org.springframework.boot.test.autoconfigure.jdbc.TestDatabaseAutoConfiguration, org.springframework.boot.test.autoconfigure.orm.jpa.TestEntityManagerAutoConfiguration]], org.springframework.boot.test.context.filter.ExcludeFilterContextCustomizer@53dacd14, org.springframework.boot.test.json.DuplicateJsonObjectContextCustomizerFactory$DuplicateJsonObjectContextCustomizer@47c4ecdc, org.springframework.boot.test.mock.mockito.MockitoContextCustomizer@0, org.springframework.boot.test.context.SpringBootTestArgs@1, org.springframework.boot.test.context.SpringBootTestWebEnvironment@0], contextLoader = 'org.springframework.boot.test.context.SpringBootContextLoader', parent = [null]], attributes = map['org.springframework.test.context.event.ApplicationEventsTestExecutionListener.recordApplicationEvents' -> false]]; transaction manager [org.springframework.orm.jpa.JpaTransactionManager@3674164b]; rollback [true]
Hibernate: select category0_.id as id1_0_1_, category0_.title as title2_0_1_, product1_.category_id as category8_2_3_, product1_.id as id1_2_3_, product1_.id as id1_2_0_, product1_.archive as archive2_2_0_, product1_.brand as brand3_2_0_, product1_.category_id as category8_2_0_, product1_.description as descript4_2_0_, product1_.price as price5_2_0_, product1_.target_audience as target_a6_2_0_, product1_.title as title7_2_0_ from categories category0_ left outer join products product1_ on category0_.id=product1_.category_id where category0_.id=?
Hibernate: insert into categories (id, title) values (null, ?)
Hibernate: select category0_.id as id1_0_, category0_.title as title2_0_ from categories category0_ where category0_.title=? limit ?
2022-03-15 10:41:28 [Test worker] ?[34mINFO ?[0;39m o.s.t.c.t.TransactionContext - Rolled back transaction for test: [DefaultTestContext@27ca8a5a testClass = CategoryRepositoryTest, testInstance = com.alkomis.shop.repository.CategoryRepositoryTest@5edeb83e, testMethod = findTopCategoryByTitle_categoryNotFound_emptyOptional@CategoryRepositoryTest, testException = [null], mergedContextConfiguration = [MergedContextConfiguration@1bfc6e50 testClass = CategoryRepositoryTest, locations = '{}', classes = '{class com.alkomis.shop.Main}', contextInitializerClasses = '[]', activeProfiles = '{}', propertySourceLocations = '{}', propertySourceProperties = '{org.springframework.boot.test.autoconfigure.orm.jpa.DataJpaTestContextBootstrapper=true}', contextCustomizers = set[org.springframework.boot.test.autoconfigure.OverrideAutoConfigurationContextCustomizerFactory$DisableAutoConfigurationContextCustomizer@4aa83f4f, org.springframework.boot.test.autoconfigure.actuate.metrics.MetricsExportContextCustomizerFactory$DisableMetricExportContextCustomizer@61e94def, org.springframework.boot.test.autoconfigure.filter.TypeExcludeFiltersContextCustomizer@351584c0, org.springframework.boot.test.autoconfigure.properties.PropertyMappingContextCustomizer@497108fd, org.springframework.boot.test.autoconfigure.web.servlet.WebDriverContextCustomizerFactory$Customizer@23d1e5d0, [ImportsContextCustomizer@4f74edbf key = [org.springframework.boot.autoconfigure.cache.CacheAutoConfiguration, org.springframework.boot.autoconfigure.data.jpa.JpaRepositoriesAutoConfiguration, org.springframework.boot.autoconfigure.flyway.FlywayAutoConfiguration, org.springframework.boot.autoconfigure.jdbc.DataSourceAutoConfiguration, org.springframework.boot.autoconfigure.jdbc.DataSourceTransactionManagerAutoConfiguration, org.springframework.boot.autoconfigure.jdbc.JdbcTemplateAutoConfiguration, org.springframework.boot.autoconfigure.liquibase.LiquibaseAutoConfiguration, org.springframework.boot.autoconfigure.orm.jpa.HibernateJpaAutoConfiguration, org.springframework.boot.autoconfigure.sql.init.SqlInitializationAutoConfiguration, org.springframework.boot.autoconfigure.transaction.TransactionAutoConfiguration, org.springframework.boot.test.autoconfigure.jdbc.TestDatabaseAutoConfiguration, org.springframework.boot.test.autoconfigure.orm.jpa.TestEntityManagerAutoConfiguration]], org.springframework.boot.test.context.filter.ExcludeFilterContextCustomizer@53dacd14, org.springframework.boot.test.json.DuplicateJsonObjectContextCustomizerFactory$DuplicateJsonObjectContextCustomizer@47c4ecdc, org.springframework.boot.test.mock.mockito.MockitoContextCustomizer@0, org.springframework.boot.test.context.SpringBootTestArgs@1, org.springframework.boot.test.context.SpringBootTestWebEnvironment@0], contextLoader = 'org.springframework.boot.test.context.SpringBootContextLoader', parent = [null]], attributes = map['org.springframework.test.context.event.ApplicationEventsTestExecutionListener.recordApplicationEvents' -> false]]
]]></system-out>
  <system-err><![CDATA[]]></system-err>
</testsuite>
