<?xml version="1.0" encoding="UTF-8"?>
<testsuite name="com.alkomis.shop.service.CategoryServiceTest" tests="6" skipped="0" failures="0" errors="0" timestamp="2022-03-15T07:41:30" hostname="DESKTOP-OUNUL9B" time="0.072">
  <properties/>
  <testcase name="getAllProductsByCategoryId_getAllProductsOfCategory_mapWithCategoryAsKeyAndListOfProductsAsValue()" classname="com.alkomis.shop.service.CategoryServiceTest" time="0.038"/>
  <testcase name="findTopCategoryByTitle_categoryNotFound_null()" classname="com.alkomis.shop.service.CategoryServiceTest" time="0.004"/>
  <testcase name="getAllCategories_getListOfAllCategories_listOfCategoryDto()" classname="com.alkomis.shop.service.CategoryServiceTest" time="0.006"/>
  <testcase name="findTopCategoryByTitle_categoryWasFound_categoryEntity()" classname="com.alkomis.shop.service.CategoryServiceTest" time="0.005"/>
  <testcase name="getAllProductsByCategoryId_categoryNotFound_throwsException()" classname="com.alkomis.shop.service.CategoryServiceTest" time="0.005"/>
  <testcase name="getAllCategories_listOfCategoriesIsEmpty_throwsException()" classname="com.alkomis.shop.service.CategoryServiceTest" time="0.004"/>
  <system-out><![CDATA[2022-03-15 10:41:30 [Test worker] ?[34mINFO ?[0;39m o.s.t.c.s.DefaultTestContextBootstrapper - Neither @ContextConfiguration nor @ContextHierarchy found for test class [com.alkomis.shop.service.CategoryServiceTest], using DelegatingSmartContextLoader
2022-03-15 10:41:30 [Test worker] ?[34mINFO ?[0;39m o.s.t.c.s.AbstractContextLoader - Could not detect default resource locations for test class [com.alkomis.shop.service.CategoryServiceTest]: no resource found for suffixes {-context.xml}.
2022-03-15 10:41:30 [Test worker] ?[34mINFO ?[0;39m o.s.t.c.s.AnnotationConfigContextLoaderUtils - Could not detect default configuration classes for test class [com.alkomis.shop.service.CategoryServiceTest]: CategoryServiceTest does not declare any static, non-private, non-final, nested classes annotated with @Configuration.
2022-03-15 10:41:30 [Test worker] ?[34mINFO ?[0;39m o.s.t.c.s.DefaultTestContextBootstrapper - Loaded default TestExecutionListener class names from location [META-INF/spring.factories]: [org.springframework.security.test.context.support.WithSecurityContextTestExecutionListener, org.springframework.security.test.context.support.ReactorContextTestExecutionListener, org.springframework.boot.test.autoconfigure.restdocs.RestDocsTestExecutionListener, org.springframework.boot.test.autoconfigure.web.client.MockRestServiceServerResetTestExecutionListener, org.springframework.boot.test.autoconfigure.web.servlet.MockMvcPrintOnlyOnFailureTestExecutionListener, org.springframework.boot.test.autoconfigure.web.servlet.WebDriverTestExecutionListener, org.springframework.boot.test.autoconfigure.webservices.client.MockWebServiceServerTestExecutionListener, org.springframework.boot.test.mock.mockito.MockitoTestExecutionListener, org.springframework.boot.test.mock.mockito.ResetMocksTestExecutionListener, org.springframework.test.context.web.ServletTestExecutionListener, org.springframework.test.context.support.DirtiesContextBeforeModesTestExecutionListener, org.springframework.test.context.event.ApplicationEventsTestExecutionListener, org.springframework.test.context.support.DependencyInjectionTestExecutionListener, org.springframework.test.context.support.DirtiesContextTestExecutionListener, org.springframework.test.context.transaction.TransactionalTestExecutionListener, org.springframework.test.context.jdbc.SqlScriptsTestExecutionListener, org.springframework.test.context.event.EventPublishingTestExecutionListener]
2022-03-15 10:41:30 [Test worker] ?[34mINFO ?[0;39m o.s.t.c.s.DefaultTestContextBootstrapper - Using TestExecutionListeners: [org.springframework.test.context.web.ServletTestExecutionListener@21440e36, org.springframework.test.context.support.DirtiesContextBeforeModesTestExecutionListener@9b87a98, org.springframework.test.context.event.ApplicationEventsTestExecutionListener@75b598a5, org.springframework.boot.test.mock.mockito.MockitoTestExecutionListener@50ba10de, org.springframework.test.context.support.DependencyInjectionTestExecutionListener@518e9141, org.springframework.test.context.support.DirtiesContextTestExecutionListener@1ba84d52, org.springframework.test.context.transaction.TransactionalTestExecutionListener@42018e32, org.springframework.test.context.jdbc.SqlScriptsTestExecutionListener@42bd4a4c, org.springframework.security.test.context.support.WithSecurityContextTestExecutionListener@679cdfc3, org.springframework.test.context.event.EventPublishingTestExecutionListener@3e07ccbf, org.springframework.security.test.context.support.ReactorContextTestExecutionListener@70b9a553, org.springframework.boot.test.autoconfigure.restdocs.RestDocsTestExecutionListener@58fe7e22, org.springframework.boot.test.autoconfigure.web.client.MockRestServiceServerResetTestExecutionListener@591dd039, org.springframework.boot.test.autoconfigure.web.servlet.MockMvcPrintOnlyOnFailureTestExecutionListener@597f9d91, org.springframework.boot.test.autoconfigure.web.servlet.WebDriverTestExecutionListener@64d128d0, org.springframework.boot.test.autoconfigure.webservices.client.MockWebServiceServerTestExecutionListener@4f755506, org.springframework.boot.test.mock.mockito.ResetMocksTestExecutionListener@78ded8c9]
2022-03-15 10:41:30 [Test worker] ?[34mINFO ?[0;39m c.a.shop.service.CategoryServiceImp - Found category with id 0: Category(id=1, title=sneakers)
2022-03-15 10:41:30 [Test worker] ?[34mINFO ?[0;39m c.a.shop.service.CategoryServiceImp - For category with id 0 was found list of products: [ProductDTO(id=1, title=sneakers, price=300, description=sturdy sneakers, brand=Nike, targetAudience=MEN, productProperties=[], category=CategoryDTO(id=1, title=sneakers))]
2022-03-15 10:41:30 [Test worker] ?[1;31mERROR?[0;39m c.a.shop.service.CategoryServiceImp - Can't find category with title: sneakers
2022-03-15 10:41:30 [Test worker] ?[34mINFO ?[0;39m c.a.shop.service.CategoryServiceImp - Found categories in database: [Category(id=1, title=sneakers), Category(id=2, title=slippers), Category(id=1, title=boots)]
2022-03-15 10:41:30 [Test worker] ?[34mINFO ?[0;39m c.a.shop.service.CategoryServiceImp - Found category in database: Category(id=1, title=sneakers)
2022-03-15 10:41:30 [Test worker] ?[1;31mERROR?[0;39m c.a.shop.service.CategoryServiceImp - Can't find category with id: 0
2022-03-15 10:41:30 [Test worker] ?[1;31mERROR?[0;39m c.a.shop.service.CategoryServiceImp - There is no categories in database.
]]></system-out>
  <system-err><![CDATA[]]></system-err>
</testsuite>
