<?xml version="1.0" encoding="UTF-8"?>
<testsuite name="com.alkomis.shop.service.ProductServiceTest" tests="9" skipped="0" failures="0" errors="0" timestamp="2022-03-15T07:41:30" hostname="DESKTOP-OUNUL9B" time="0.17">
  <properties/>
  <testcase name="getProductById_getSpecificProduct_DTOOfProduct()" classname="com.alkomis.shop.service.ProductServiceTest" time="0.005"/>
  <testcase name="deleteProductById_markProductDeleted_exitSuccessfully()" classname="com.alkomis.shop.service.ProductServiceTest" time="0.016"/>
  <testcase name="updateProductById_cantFindProductForUpdate_throwsException()" classname="com.alkomis.shop.service.ProductServiceTest" time="0.008"/>
  <testcase name="deleteProductById_cantFindProductForDeleteMarking_throwsException()" classname="com.alkomis.shop.service.ProductServiceTest" time="0.021"/>
  <testcase name="addNewProduct_successfullyAddNewProduct_DTOOfAddedProduct()" classname="com.alkomis.shop.service.ProductServiceTest" time="0.022"/>
  <testcase name="updateProductById_updateProductSuccessfully_exitSuccessfully()" classname="com.alkomis.shop.service.ProductServiceTest" time="0.044"/>
  <testcase name="getAllProducts_getListOfAllProducts_listOfDTO()" classname="com.alkomis.shop.service.ProductServiceTest" time="0.006"/>
  <testcase name="getAllProducts_listIsEmpty_throwsException()" classname="com.alkomis.shop.service.ProductServiceTest" time="0.007"/>
  <testcase name="getProductById_cantFindSpecificProductById_throwsException()" classname="com.alkomis.shop.service.ProductServiceTest" time="0.011"/>
  <system-out><![CDATA[2022-03-15 10:41:30 [Test worker] ?[34mINFO ?[0;39m o.s.t.c.s.DefaultTestContextBootstrapper - Neither @ContextConfiguration nor @ContextHierarchy found for test class [com.alkomis.shop.service.ProductServiceTest], using DelegatingSmartContextLoader
2022-03-15 10:41:30 [Test worker] ?[34mINFO ?[0;39m o.s.t.c.s.AbstractContextLoader - Could not detect default resource locations for test class [com.alkomis.shop.service.ProductServiceTest]: no resource found for suffixes {-context.xml}.
2022-03-15 10:41:30 [Test worker] ?[34mINFO ?[0;39m o.s.t.c.s.AnnotationConfigContextLoaderUtils - Could not detect default configuration classes for test class [com.alkomis.shop.service.ProductServiceTest]: ProductServiceTest does not declare any static, non-private, non-final, nested classes annotated with @Configuration.
2022-03-15 10:41:30 [Test worker] ?[34mINFO ?[0;39m o.s.t.c.s.DefaultTestContextBootstrapper - Loaded default TestExecutionListener class names from location [META-INF/spring.factories]: [org.springframework.security.test.context.support.WithSecurityContextTestExecutionListener, org.springframework.security.test.context.support.ReactorContextTestExecutionListener, org.springframework.boot.test.autoconfigure.restdocs.RestDocsTestExecutionListener, org.springframework.boot.test.autoconfigure.web.client.MockRestServiceServerResetTestExecutionListener, org.springframework.boot.test.autoconfigure.web.servlet.MockMvcPrintOnlyOnFailureTestExecutionListener, org.springframework.boot.test.autoconfigure.web.servlet.WebDriverTestExecutionListener, org.springframework.boot.test.autoconfigure.webservices.client.MockWebServiceServerTestExecutionListener, org.springframework.boot.test.mock.mockito.MockitoTestExecutionListener, org.springframework.boot.test.mock.mockito.ResetMocksTestExecutionListener, org.springframework.test.context.web.ServletTestExecutionListener, org.springframework.test.context.support.DirtiesContextBeforeModesTestExecutionListener, org.springframework.test.context.event.ApplicationEventsTestExecutionListener, org.springframework.test.context.support.DependencyInjectionTestExecutionListener, org.springframework.test.context.support.DirtiesContextTestExecutionListener, org.springframework.test.context.transaction.TransactionalTestExecutionListener, org.springframework.test.context.jdbc.SqlScriptsTestExecutionListener, org.springframework.test.context.event.EventPublishingTestExecutionListener]
2022-03-15 10:41:30 [Test worker] ?[34mINFO ?[0;39m o.s.t.c.s.DefaultTestContextBootstrapper - Using TestExecutionListeners: [org.springframework.test.context.web.ServletTestExecutionListener@40d73518, org.springframework.test.context.support.DirtiesContextBeforeModesTestExecutionListener@40cdc640, org.springframework.test.context.event.ApplicationEventsTestExecutionListener@4d0d97bb, org.springframework.boot.test.mock.mockito.MockitoTestExecutionListener@c9a18ed, org.springframework.test.context.support.DependencyInjectionTestExecutionListener@759c8393, org.springframework.test.context.support.DirtiesContextTestExecutionListener@5bcda4a6, org.springframework.test.context.transaction.TransactionalTestExecutionListener@7a5c502b, org.springframework.test.context.jdbc.SqlScriptsTestExecutionListener@265d72fd, org.springframework.security.test.context.support.WithSecurityContextTestExecutionListener@37ccedbe, org.springframework.test.context.event.EventPublishingTestExecutionListener@1129775, org.springframework.security.test.context.support.ReactorContextTestExecutionListener@19574274, org.springframework.boot.test.autoconfigure.restdocs.RestDocsTestExecutionListener@54500139, org.springframework.boot.test.autoconfigure.web.client.MockRestServiceServerResetTestExecutionListener@4a1b710, org.springframework.boot.test.autoconfigure.web.servlet.MockMvcPrintOnlyOnFailureTestExecutionListener@119d21ce, org.springframework.boot.test.autoconfigure.web.servlet.WebDriverTestExecutionListener@32fa956b, org.springframework.boot.test.autoconfigure.webservices.client.MockWebServiceServerTestExecutionListener@667713c4, org.springframework.boot.test.mock.mockito.ResetMocksTestExecutionListener@6f67312d]
2022-03-15 10:41:30 [Test worker] ?[34mINFO ?[0;39m c.a.shop.service.ProductServiceImp - Found product by id: 1 in database. ProductDTO(id=1, title=sneakers, price=300, description=sturdy sneakers, brand=Nike, targetAudience=MEN, productProperties=[], category=CategoryDTO(id=1, title=sneakers))
2022-03-15 10:41:30 [Test worker] ?[34mINFO ?[0;39m c.a.shop.service.ProductServiceImp - Product with id: 1 was marked as deleted.
2022-03-15 10:41:30 [Test worker] ?[1;31mERROR?[0;39m c.a.shop.service.ProductServiceImp - Failed to find non-archive product with id: 0 for update in database.
2022-03-15 10:41:30 [Test worker] ?[1;31mERROR?[0;39m c.a.shop.service.ProductServiceImp - Failed to find non-archive product with id: 1 for deleting in database.
2022-03-15 10:41:30 [Test worker] ?[34mINFO ?[0;39m c.a.shop.service.ProductServiceImp - Product: Product(id=1, title=sneakers, price=300, description=sturdy sneakers, brand=Nike, archive=false, targetAudience=MEN, productProperties=[]) added to database.
2022-03-15 10:41:30 [Test worker] ?[34mINFO ?[0;39m c.a.shop.service.ProductServiceImp - Product with id: 0 was updated to following parameters: Product(id=1, title=sneakers, price=300, description=sturdy sneakers, brand=Nike, archive=false, targetAudience=MEN, productProperties=[]).
2022-03-15 10:41:30 [Test worker] ?[34mINFO ?[0;39m c.a.shop.service.ProductServiceImp - Found products in the database: [ProductDTO(id=1, title=sneakers, price=300, description=sturdy sneakers, brand=Nike, targetAudience=MEN, productProperties=[], category=CategoryDTO(id=1, title=sneakers))]
2022-03-15 10:41:30 [Test worker] ?[1;31mERROR?[0;39m c.a.shop.service.ProductServiceImp - There is no available non-archive products in database.
2022-03-15 10:41:30 [Test worker] ?[1;31mERROR?[0;39m c.a.shop.service.ProductServiceImp - Failed to find non-archive product with id: 0.
]]></system-out>
  <system-err><![CDATA[]]></system-err>
</testsuite>
